<?xml version="1.0" encoding="UTF-8" ?>
<testsuite failures="0" time="0.158" errors="0" skipped="0" tests="4" name="tmc.BukkitTestUtilities.Mocks.TestServerTest">
  <properties>
[...]
</properties>
  <testcase time="0.094" classname="tmc.BukkitTestUtilities.Mocks.TestServerTest" name="shouldAddPlayerToOnlinePlayers"/>
  <testcase time="0" classname="tmc.BukkitTestUtilities.Mocks.TestServerTest" name="shouldGetPlayerByNameFromOnlinePlayers"/>
  <testcase time="0" classname="tmc.BukkitTestUtilities.Mocks.TestServerTest" name="shouldGetNullIfPlayerNotOnline"/>
  <testcase time="0.002" classname="tmc.BukkitTestUtilities.Mocks.TestServerTest" name="shouldBeAbleToAddOfflinePlayers"/>
</testsuite>